<?xml version="1.0" encoding="UTF-8"?>
<testsuite xmlns:xsi="http://www.w3.org/2001/XMLSchema-instance" xsi:noNamespaceSchemaLocation="https://maven.apache.org/surefire/maven-surefire-plugin/xsd/surefire-test-report.xsd" name="com.tp3.AppTest" time="0.028" tests="1" errors="0" skipped="0" failures="0">
  <properties>
    <property name="java.specification.version" value="21"/>
    <property name="sun.cpu.isalist" value="amd64"/>
    <property name="sun.jnu.encoding" value="Cp1252"/>
    <property name="java.class.path" value="C:\Users\Julian waksmann\Documents\facu\P3\tp3\tp3\target\test-classes;C:\Users\Julian waksmann\Documents\facu\P3\tp3\tp3\target\classes;C:\Users\Julian waksmann\.m2\repository\junit\junit\4.11\junit-4.11.jar;C:\Users\Julian waksmann\.m2\repository\org\hamcrest\hamcrest-core\1.3\hamcrest-core-1.3.jar;C:\Users\Julian waksmann\.m2\repository\com\fasterxml\jackson\core\jackson-databind\2.13.0\jackson-databind-2.13.0.jar;C:\Users\Julian waksmann\.m2\repository\com\fasterxml\jackson\core\jackson-annotations\2.13.0\jackson-annotations-2.13.0.jar;C:\Users\Julian waksmann\.m2\repository\com\fasterxml\jackson\core\jackson-core\2.13.0\jackson-core-2.13.0.jar;C:\Users\Julian waksmann\.m2\repository\org\jgrapht\jgrapht-core\1.5.1\jgrapht-core-1.5.1.jar;C:\Users\Julian waksmann\.m2\repository\org\jheaps\jheaps\0.13\jheaps-0.13.jar;C:\Users\Julian waksmann\.m2\repository\org\jgrapht\jgrapht-ext\1.5.1\jgrapht-ext-1.5.1.jar;C:\Users\Julian waksmann\.m2\repository\com\github\vlsi\mxgraph\jgraphx\4.1.0\jgraphx-4.1.0.jar;"/>
    <property name="java.vm.vendor" value="Eclipse Adoptium"/>
    <property name="sun.arch.data.model" value="64"/>
    <property name="user.variant" value=""/>
    <property name="java.vendor.url" value="https://adoptium.net/"/>
    <property name="user.timezone" value="America/Buenos_Aires"/>
    <property name="os.name" value="Windows 11"/>
    <property name="java.vm.specification.version" value="21"/>
    <property name="sun.java.launcher" value="SUN_STANDARD"/>
    <property name="user.country" value="AR"/>
    <property name="sun.boot.library.path" value="C:\Program Files\Eclipse Adoptium\jdk-21.0.2.13-hotspot\bin"/>
    <property name="sun.java.command" value="C:\Users\JULIAN~1\AppData\Local\Temp\surefire16068709015788640237\surefirebooter13364230573024758070.jar C:\Users\Julian waksmann\AppData\Local\Temp\surefire16068709015788640237 2024-05-28T16-25-51_342-jvmRun1 surefire330814667684068750tmp surefire_03291274568872897856tmp"/>
    <property name="jdk.debug" value="release"/>
    <property name="surefire.test.class.path" value="C:\Users\Julian waksmann\Documents\facu\P3\tp3\tp3\target\test-classes;C:\Users\Julian waksmann\Documents\facu\P3\tp3\tp3\target\classes;C:\Users\Julian waksmann\.m2\repository\junit\junit\4.11\junit-4.11.jar;C:\Users\Julian waksmann\.m2\repository\org\hamcrest\hamcrest-core\1.3\hamcrest-core-1.3.jar;C:\Users\Julian waksmann\.m2\repository\com\fasterxml\jackson\core\jackson-databind\2.13.0\jackson-databind-2.13.0.jar;C:\Users\Julian waksmann\.m2\repository\com\fasterxml\jackson\core\jackson-annotations\2.13.0\jackson-annotations-2.13.0.jar;C:\Users\Julian waksmann\.m2\repository\com\fasterxml\jackson\core\jackson-core\2.13.0\jackson-core-2.13.0.jar;C:\Users\Julian waksmann\.m2\repository\org\jgrapht\jgrapht-core\1.5.1\jgrapht-core-1.5.1.jar;C:\Users\Julian waksmann\.m2\repository\org\jheaps\jheaps\0.13\jheaps-0.13.jar;C:\Users\Julian waksmann\.m2\repository\org\jgrapht\jgrapht-ext\1.5.1\jgrapht-ext-1.5.1.jar;C:\Users\Julian waksmann\.m2\repository\com\github\vlsi\mxgraph\jgraphx\4.1.0\jgraphx-4.1.0.jar;"/>
    <property name="sun.cpu.endian" value="little"/>
    <property name="user.home" value="C:\Users\Julian waksmann"/>
    <property name="user.language" value="es"/>
    <property name="java.specification.vendor" value="Oracle Corporation"/>
    <property name="java.version.date" value="2024-01-16"/>
    <property name="java.home" value="C:\Program Files\Eclipse Adoptium\jdk-21.0.2.13-hotspot"/>
    <property name="file.separator" value="\"/>
    <property name="basedir" value="C:\Users\Julian waksmann\Documents\facu\P3\tp3\tp3"/>
    <property name="java.vm.compressedOopsMode" value="Zero based"/>
    <property name="line.separator" value="&#10;"/>
    <property name="java.vm.specification.vendor" value="Oracle Corporation"/>
    <property name="java.specification.name" value="Java Platform API Specification"/>
    <property name="surefire.real.class.path" value="C:\Users\JULIAN~1\AppData\Local\Temp\surefire16068709015788640237\surefirebooter13364230573024758070.jar"/>
    <property name="user.script" value=""/>
    <property name="sun.management.compiler" value="HotSpot 64-Bit Tiered Compilers"/>
    <property name="java.runtime.version" value="21.0.2+13-LTS"/>
    <property name="user.name" value="Julian waksmann"/>
    <property name="stdout.encoding" value="Cp1252"/>
    <property name="path.separator" value=";"/>
    <property name="os.version" value="10.0"/>
    <property name="java.runtime.name" value="OpenJDK Runtime Environment"/>
    <property name="file.encoding" value="UTF-8"/>
    <property name="java.vm.name" value="OpenJDK 64-Bit Server VM"/>
    <property name="java.vendor.version" value="Temurin-21.0.2+13"/>
    <property name="localRepository" value="C:\Users\Julian waksmann\.m2\repository"/>
    <property name="java.vendor.url.bug" value="https://github.com/adoptium/adoptium-support/issues"/>
    <property name="java.io.tmpdir" value="C:\Users\JULIAN~1\AppData\Local\Temp\"/>
    <property name="java.version" value="21.0.2"/>
    <property name="user.dir" value="C:\Users\Julian waksmann\Documents\facu\P3\tp3\tp3"/>
    <property name="os.arch" value="amd64"/>
    <property name="java.vm.specification.name" value="Java Virtual Machine Specification"/>
    <property name="sun.os.patch.level" value=""/>
    <property name="native.encoding" value="Cp1252"/>
    <property name="java.library.path" value="C:\Program Files\Eclipse Adoptium\jdk-21.0.2.13-hotspot\bin;C:\Windows\Sun\Java\bin;C:\Windows\system32;C:\Windows;C:\Program Files\Eclipse Adoptium\jdk-21.0.2.13-hotspot\bin;C:\Windows\system32;C:\Windows;C:\Windows\System32\Wbem;C:\Windows\System32\WindowsPowerShell\v1.0\;C:\Windows\System32\OpenSSH\;C:\Program Files\dotnet\;C:\Program Files\Git\cmd;C:\Program Files\Amazon\AWSCLIV2\;C:\Program Files\nodejs\;C:\Program Files\PuTTY\;C:\Program Files\Eclipse Adoptium\jdk-21.0.2.13-hotspot\bin;C:\Program Files\Maven\apache-maven-3.9.6\bin;C:\Users\Julian waksmann\AppData\Local\Programs\Python\Python312\Scripts\;C:\Users\Julian waksmann\AppData\Local\Programs\Python\Python312\;C:\Users\Julian waksmann\AppData\Local\Microsoft\WindowsApps;;C:\Users\Julian waksmann\AppData\Local\Programs\Microsoft VS Code\bin;C:\Users\Julian waksmann\AppData\Roaming\npm;."/>
    <property name="java.vm.info" value="mixed mode, sharing"/>
    <property name="stderr.encoding" value="Cp1252"/>
    <property name="java.vendor" value="Eclipse Adoptium"/>
    <property name="java.vm.version" value="21.0.2+13-LTS"/>
    <property name="sun.io.unicode.encoding" value="UnicodeLittle"/>
    <property name="java.class.version" value="65.0"/>
  </properties>
  <testcase name="shouldAnswerWithTrue" classname="com.tp3.AppTest" time="0.002"/>
</testsuite>